<?xml version="1.0" encoding="UTF-8"?>
<testsuite xmlns:xsi="http://www.w3.org/2001/XMLSchema-instance" xsi:noNamespaceSchemaLocation="https://maven.apache.org/surefire/maven-surefire-plugin/xsd/surefire-test-report-3.0.xsd" version="3.0" name="TestSuite" time="1.174" tests="3" errors="0" skipped="0" failures="0">
  <properties>
[...]
</properties>
  <testcase name="runScenario[&quot;Scenario 1 from test1 feature&quot;, &quot;This is test1 feature&quot;](1)" classname="TestRunner.CucumberTestRunner" time="0.081">
    <system-out><![CDATA[
@smoke
Scenario: Scenario 1 from test1 feature &amp#27;[90m# src/test/resources/FeatureWithTags/Test1.feature:3&amp#27;[0m
]]></system-out>
    <system-err><![CDATA[SLF4J: Failed to load class "org.slf4j.impl.StaticLoggerBinder".
SLF4J: Defaulting to no-operation (NOP) logger implementation
SLF4J: See http://www.slf4j.org/codes.html#StaticLoggerBinder for further details.
]]></system-err>
  </testcase>
  <testcase name="runScenario[&quot;Scenario 2 from test2 feature&quot;, &quot;This is test2 feature&quot;](2)" classname="TestRunner.CucumberTestRunner" time="0.003">
    <system-out><![CDATA[
@smoke
Scenario: Scenario 2 from test2 feature &amp#27;[90m# src/test/resources/FeatureWithTags/Test2.feature:7&amp#27;[0m
]]></system-out>
  </testcase>
  <testcase name="runScenario[&quot;Scenario 3 from test3 feature&quot;, &quot;This is test3 feature&quot;](3)" classname="TestRunner.CucumberTestRunner" time="0.004">
    <system-out><![CDATA[
@smoke
Scenario: Scenario 3 from test3 feature &amp#27;[90m# src/test/resources/FeatureWithTags/Test3.feature:12&amp#27;[0m
]]></system-out>
  </testcase>
</testsuite>